proguard/seeds.txt
com.czs.gtd.AboutActivity
com.czs.gtd.AboutActivity: AboutActivity()
com.czs.gtd.DatedActivity
com.czs.gtd.DatedActivity: DatedActivity()
com.czs.gtd.Evernote
com.czs.gtd.Evernote: Evernote()
com.czs.gtd.FinishActivity
com.czs.gtd.FinishActivity: FinishActivity()
com.czs.gtd.GTDApplication
com.czs.gtd.GTDApplication: GTDApplication()
com.czs.gtd.IntroduceActivity
com.czs.gtd.IntroduceActivity: IntroduceActivity()
com.czs.gtd.MainActivity
com.czs.gtd.MainActivity: MainActivity()
com.czs.gtd.MoreActivity
com.czs.gtd.MoreActivity: MoreActivity()
com.czs.gtd.NewTaskActivity
com.czs.gtd.NewTaskActivity: NewTaskActivity()
com.czs.gtd.NotificationReceiver
com.czs.gtd.NotificationReceiver: NotificationReceiver()
com.czs.gtd.SettingsActivity
com.czs.gtd.SettingsActivity: SettingsActivity()
com.czs.gtd.SplashActivity
com.czs.gtd.SplashActivity: SplashActivity()
com.czs.gtd.UnFinishActivity
com.czs.gtd.UnFinishActivity: UnFinishActivity()
com.czs.gtd.VIPActivity
com.czs.gtd.VIPActivity: VIPActivity()
com.czs.gtd.api.CornerListView
com.czs.gtd.api.CornerListView: CornerListView(android.content.Context)
com.czs.gtd.api.CornerListView: CornerListView(android.content.Context,android.util.AttributeSet,int)
com.czs.gtd.api.CornerListView: CornerListView(android.content.Context,android.util.AttributeSet)
com.czs.gtd.api.MyScrollLayout
com.czs.gtd.api.MyScrollLayout: MyScrollLayout(android.content.Context)
com.czs.gtd.api.MyScrollLayout: MyScrollLayout(android.content.Context,android.util.AttributeSet)
com.czs.gtd.api.MyScrollLayout: MyScrollLayout(android.content.Context,android.util.AttributeSet,int)
com.czs.gtd.data.TaskProperty: com.czs.gtd.data.TaskProperty[] values()
com.czs.gtd.data.TaskProperty: com.czs.gtd.data.TaskProperty valueOf(java.lang.String)
...
cn.waps.AnimationType
cn.waps.AnimationType: int NONE
cn.waps.AnimationType: int RANDOM
cn.waps.AnimationType: int SCALE_CENTER
cn.waps.AnimationType: int ROTATE
cn.waps.AnimationType: int ALPHA
cn.waps.AnimationType: int TRANSLATE_FROM_RIGHT
cn.waps.AnimationType: int TRANSLATE_FROM_LEFT
cn.waps.AnimationType: int MINI_RANDOM
cn.waps.AnimationType: int[] a
cn.waps.AnimationType: int b
cn.waps.AnimationType: AnimationType()
cn.waps.AnimationType: AnimationType(int)
cn.waps.AnimationType: AnimationType(int[])
cn.waps.AnimationType: void startRotation(float,float,android.view.View)
cn.waps.AnimationType: void startMiniAdAnimation(int,android.view.View)
cn.waps.AnimationType: void startAnimation(android.view.View)
cn.waps.AnimationType: java.util.List getAnimationList2(android.view.View)
cn.waps.AnimationType: java.util.List getAnimationList(android.view.View)
cn.waps.AnimationType: java.util.Map getAnimation(android.view.View)
cn.waps.AppConnect
cn.waps.AppConnect: java.lang.String LIBRARY_VERSION_NUMBER
cn.waps.AppConnect: java.util.concurrent.ScheduledExecutorService q
cn.waps.AppConnect: cn.waps.z r
cn.waps.AppConnect: android.content.Context a
cn.waps.AppConnect: cn.waps.AppConnect s
cn.waps.AppConnect: cn.waps.ai t
cn.waps.AppConnect: java.lang.String b
cn.waps.AppConnect: java.lang.String u
cn.waps.AppConnect: java.lang.String v
cn.waps.AppConnect: java.lang.String w
cn.waps.AppConnect: java.lang.String x
cn.waps.AppConnect: java.lang.String y
cn.waps.AppConnect: java.lang.String z
cn.waps.AppConnect: java.lang.String A
cn.waps.AppConnect: java.lang.String B
cn.waps.AppConnect: java.lang.String C
cn.waps.AppConnect: java.lang.String D
cn.waps.AppConnect: java.lang.String E
cn.waps.AppConnect: java.lang.String F
cn.waps.AppConnect: java.lang.String G
cn.waps.AppConnect: java.lang.String H
cn.waps.AppConnect: java.lang.String I
cn.waps.AppConnect: java.lang.String J
cn.waps.AppConnect: java.lang.String K
cn.waps.AppConnect: java.lang.String c
cn.waps.AppConnect: java.lang.String L
cn.waps.AppConnect: java.lang.String M
cn.waps.AppConnect: int N
cn.waps.AppConnect: int O
cn.waps.AppConnect: java.lang.String P
cn.waps.AppConnect: boolean Q
cn.waps.AppConnect: boolean R
cn.waps.AppConnect: java.lang.String S
cn.waps.AppConnect: java.lang.String T
cn.waps.AppConnect: java.lang.String U
cn.waps.AppConnect: java.lang.String V
cn.waps.AppConnect: java.lang.String W
cn.waps.AppLog
cn.waps.AppLog: boolean showLog
cn.waps.AppLog: AppLog()
cn.waps.AppLog: void enableLogging(boolean)
cn.waps.AppLog: void i(java.lang.String,java.lang.String)
cn.waps.AppLog: void e(java.lang.String,java.lang.String)
cn.waps.AppLog: void e(java.lang.String,java.lang.String,java.lang.Throwable)
cn.waps.AppLog: void w(java.lang.String,java.lang.String)
cn.waps.AppLog: void w(java.lang.String,java.lang.String,java.lang.Throwable)
cn.waps.AppLog: void d(java.lang.String,java.lang.String)
cn.waps.AppLog: void v(java.lang.String,java.lang.String)
cn.waps.AppLog: void <clinit>()