proguard/mapping.txt
com.czs.gtd.AboutActivity -> com.czs.gtd.AboutActivity:
    android.widget.Button backButton -> a
    void onCreate(android.os.Bundle) -> onCreate
com.czs.gtd.AboutActivity$1 -> com.czs.gtd.a:
    com.czs.gtd.AboutActivity this$0 -> a
    void onClick(android.view.View) -> onClick
com.czs.gtd.DatedActivity -> com.czs.gtd.DatedActivity:
    java.util.ArrayList taskMap -> a
    android.content.SharedPreferences sharedPreferences -> b
    android.widget.ExpandableListView expandableListView -> c
    android.widget.ExpandableListAdapter expandableListAdapter -> d
    com.czs.gtd.util.TaskService taskService -> e
    android.content.BroadcastReceiver datedBroadcastReceiver -> f
    void onCreate(android.os.Bundle) -> onCreate
    void onResume() -> onResume
    void onCreateContextMenu(android.view.ContextMenu,android.view.View,android.view.ContextMenu$ContextMenuInfo) -> onCreateContextMenu
    void getTaskMap() -> a
    boolean onContextItemSelected(android.view.MenuItem) -> onContextItemSelected
    void onDestroy() -> onDestroy
    java.util.ArrayList access$0(com.czs.gtd.DatedActivity) -> a
    android.widget.ExpandableListView access$1(com.czs.gtd.DatedActivity) -> b
    android.widget.ExpandableListAdapter access$2(com.czs.gtd.DatedActivity) -> c
com.czs.gtd.DatedActivity$1 -> com.czs.gtd.b:
    com.czs.gtd.DatedActivity this$0 -> a
    void onReceive(android.content.Context,android.content.Intent) -> onReceive
com.czs.gtd.DatedActivity$MyExpandableListAdapter -> com.czs.gtd.c:
    android.content.Context mContext -> b
    com.czs.gtd.DatedActivity this$0 -> a
    java.lang.Object getChild(int,int) -> getChild
    long getChildId(int,int) -> getChildId
    int getChildrenCount(int) -> getChildrenCount
    android.view.View getChildView(int,int,boolean,android.view.View,android.view.ViewGroup) -> getChildView
    java.lang.Object getGroup(int) -> getGroup
    int getGroupCount() -> getGroupCount
    long getGroupId(int) -> getGroupId
    android.view.View getGroupView(int,boolean,android.view.View,android.view.ViewGroup) -> getGroupView
    boolean isChildSelectable(int,int) -> isChildSelectable
    boolean hasStableIds() -> hasStableIds
com.czs.gtd.Evernote -> com.czs.gtd.Evernote:
    void onDeleted(android.content.Context,int[]) -> onDeleted
    void onDisabled(android.content.Context) -> onDisabled
    void onEnabled(android.content.Context) -> onEnabled
    void update(android.content.Context) -> a
    void onReceive(android.content.Context,android.content.Intent) -> onReceive
    void onUpdate(android.content.Context,android.appwidget.AppWidgetManager,int[]) -> onUpdate
com.czs.gtd.FinishActivity -> com.czs.gtd.FinishActivity:
    java.util.ArrayList taskMap -> a
    android.content.SharedPreferences sharedPreferences -> b
    android.widget.ExpandableListView expandableListView -> c
    android.widget.ExpandableListAdapter adapter -> d
    com.czs.gtd.util.TaskService taskService -> e
    android.content.BroadcastReceiver finishBroadcastReceiver -> f
    void onCreate(android.os.Bundle) -> onCreate
    void onResume() -> onResume
    void onCreateContextMenu(android.view.ContextMenu,android.view.View,android.view.ContextMenu$ContextMenuInfo) -> onCreateContextMenu
    boolean onContextItemSelected(android.view.MenuItem) -> onContextItemSelected
    void getTaskMap() -> b
    java.util.ArrayList access$0() -> a
    android.widget.ExpandableListView access$1(com.czs.gtd.FinishActivity) -> a
    android.widget.ExpandableListAdapter access$2(com.czs.gtd.FinishActivity) -> b
com.czs.gtd.FinishActivity$1 -> com.czs.gtd.d:
    com.czs.gtd.FinishActivity this$0 -> a
    void onReceive(android.content.Context,android.content.Intent) -> onReceive
...
cn.waps.r -> cn.waps.be:
    java.lang.String a -> a
    cn.waps.AppConnect b -> b
    java.lang.Boolean a$5f8445a4() -> a
    java.lang.Object doInBackground(java.lang.Object[]) -> doInBackground
cn.waps.s -> cn.waps.bf:
    cn.waps.AppConnect a -> a
    java.lang.Object doInBackground(java.lang.Object[]) -> doInBackground
cn.waps.t -> cn.waps.bg:
    cn.waps.AppConnect a -> a
    java.lang.Boolean a$5f8445a4() -> a
    java.lang.Object doInBackground(java.lang.Object[]) -> doInBackground
cn.waps.u -> cn.waps.bh:
    android.content.Context a -> a
    boolean b -> b
    int c -> c
    java.lang.String d -> d
    cn.waps.AppConnect e -> e
    java.lang.Boolean a$5f8445a4() -> a
    void onPostExecute(java.lang.Object) -> onPostExecute
    java.lang.Object doInBackground(java.lang.Object[]) -> doInBackground
cn.waps.v -> cn.waps.bi:
    cn.waps.AppConnect a -> a
    java.lang.Boolean a$5f8445a4() -> a
    java.lang.Object doInBackground(java.lang.Object[]) -> doInBackground
cn.waps.w -> cn.waps.bj:
    java.lang.String b -> b
    cn.waps.AppConnect a -> a
    void onPostExecute(java.lang.Object) -> onPostExecute
    java.lang.Object doInBackground(java.lang.Object[]) -> doInBackground
cn.waps.x -> cn.waps.bk:
    cn.waps.AdInfo a -> a
    java.lang.String b -> b
    cn.waps.AppConnect c -> c
    java.lang.Object doInBackground(java.lang.Object[]) -> doInBackground
cn.waps.y -> cn.waps.bl:
    cn.waps.AppConnect a -> a
    java.lang.Object doInBackground(java.lang.Object[]) -> doInBackground
cn.waps.z -> cn.waps.bm:
    cn.waps.AppConnect a -> a
    java.lang.Boolean a$5f8445a4() -> a
    void onPostExecute(java.lang.Object) -> onPostExecute
    java.lang.Object doInBackground(java.lang.Object[]) -> doInBackground
kankan.wheel.widget.ItemsRange -> kankan.wheel.widget.a:
    int first -> a
    int count -> b
    int getFirst() -> a
    int getLast() -> b
    int getCount() -> c
    boolean contains(int) -> a
kankan.wheel.widget.OnWheelChangedListener -> kankan.wheel.widget.b:
    void onChanged$38d22c4c(kankan.wheel.widget.WheelView) -> a
kankan.wheel.widget.WheelRecycle -> kankan.wheel.widget.c:
    java.util.List items -> a
    java.util.List emptyItems -> b
    kankan.wheel.widget.WheelView wheel -> c
    int recycleItems(android.widget.LinearLayout,int,kankan.wheel.widget.ItemsRange) -> a
    android.view.View getItem() -> a
    android.view.View getEmptyItem() -> b
    void clearAll() -> c
    java.util.List addView(android.view.View,java.util.List) -> a
    android.view.View getCachedView(java.util.List) -> a
kankan.wheel.widget.WheelScroller -> kankan.wheel.widget.d:
    kankan.wheel.widget.WheelScroller$ScrollingListener listener -> a
    android.content.Context context -> b
    android.view.GestureDetector gestureDetector -> c
    android.widget.Scroller scroller -> d
    int lastScrollY -> e
    float lastTouchedY -> f
    boolean isScrollingPerformed -> g
    android.view.GestureDetector$SimpleOnGestureListener gestureListener -> h
    int MESSAGE_SCROLL -> i
    int MESSAGE_JUSTIFY -> j
    android.os.Handler animationHandler -> k
    void scroll$255f295(int) -> a
    void stopScrolling() -> a
    boolean onTouchEvent(android.view.MotionEvent) -> a
    void setNextMessage(int) -> b
    void clearMessages() -> c
    void justify() -> d
    void startScrolling() -> e
    void finishScrolling() -> b
    void access$0(kankan.wheel.widget.WheelScroller,int) -> a
    android.widget.Scroller access$1(kankan.wheel.widget.WheelScroller) -> a
    int access$2(kankan.wheel.widget.WheelScroller) -> b
    void access$3$306a2cc4(kankan.wheel.widget.WheelScroller) -> c
    kankan.wheel.widget.WheelScroller$ScrollingListener access$4(kankan.wheel.widget.WheelScroller) -> d
    android.os.Handler access$5(kankan.wheel.widget.WheelScroller) -> e
    void access$6(kankan.wheel.widget.WheelScroller) -> f