proguard/usage.txt
com.czs.gtd.BuildConfig
com.czs.gtd.Evernote:
    public static final java.lang.String UPDATE_ACTION
com.czs.gtd.R
com.czs.gtd.R$anim
com.czs.gtd.R$array
com.czs.gtd.R$attr
com.czs.gtd.R$color
com.czs.gtd.R$dimen
com.czs.gtd.R$drawable
com.czs.gtd.R$id
com.czs.gtd.R$layout
com.czs.gtd.R$menu
com.czs.gtd.R$string
com.czs.gtd.R$style
com.czs.gtd.R$xml
com.czs.gtd.api.ChangeListener
com.czs.gtd.api.CustomProgressDialog:
    18:19:public CustomProgressDialog(android.content.Context)
    60:60:public com.czs.gtd.api.CustomProgressDialog setTitile(java.lang.String)
com.czs.gtd.api.DimPopupWindow:
    52:53:public DimPopupWindow(android.content.Context,float)
    81:82:public void setListener(com.czs.gtd.api.DimPopupWindow$WindwoDismissListener)
    86:87:public void setOutsideDissmiss(boolean)
    116:117:public void setWindowAnimation(int)
    160:160:public float getDimAmount()
    165:166:public void setDimAmount(float)
com.czs.gtd.api.ItemPickPopupWindow:
    29:30:public ItemPickPopupWindow(android.content.Context,java.lang.String,int,com.czs.gtd.api.ItemPickPopupWindow$ItemSelectListener)
    51:52:public void setTextSize(int)
com.czs.gtd.api.MyScrollLayout:
    private static final int SNAP_VELOCITY
com.czs.gtd.api.NumberPickerPopupWindow:
    58:64:public void setInitValue(int)
com.czs.gtd.api.PickerPopupWindow:
    59:60:public void setAutoDismiss(boolean)
com.czs.gtd.data.GTDConstants
com.czs.gtd.data.TabItem:
    28:29:public void setTitle(java.lang.String)
    38:39:public void setIcon(int)
    48:49:public void setBg(int)
    58:59:public void setIntent(android.content.Intent)
com.czs.gtd.data.Task:
    private static final long serialVersionUID
    35:36:public void setId(java.lang.Integer)
com.czs.gtd.util.DataBaseOpenHelper:
    private static final java.lang.String DBNAME
    private static final int version
com.czs.gtd.util.ExitUtil:
    31:33:public void remove(android.app.Activity)
com.czs.gtd.util.GTDUtil:
    20:20:public GTDUtil()
    153:158:public static java.lang.String[] intToString(java.util.ArrayList)
com.czs.gtd.util.TaskService:
    42:43:public static void removeInstance()
    131:145:public java.util.ArrayList getAllTaskTypeIdList(boolean)
    412:415:public java.util.ArrayList futureUnfinish()
...
android.annotation.SuppressLint
android.annotation.TargetApi
kankan.wheel.widget.WheelAdapter
kankan.wheel.widget.WheelScroller:
    private static final int SCROLLING_DURATION
    public static final int MIN_DELTA_FOR_SCROLLING
    107:109:public void setInterpolator(android.view.animation.Interpolator)
kankan.wheel.widget.WheelView:
    private static final int ITEM_OFFSET_PERCENT
    private static final int PADDING
    private static final int DEF_VISIBLE_ITEMS
    180:181:public void setInterpolator(android.view.animation.Interpolator)
    189:189:public int getVisibleItems()
    201:202:public void setVisibleItems(int)
    262:263:public void removeChangingListener(kankan.wheel.widget.OnWheelChangedListener)
    286:287:public void addScrollingListener(kankan.wheel.widget.OnWheelScrollListener)
    296:297:public void removeScrollingListener(kankan.wheel.widget.OnWheelScrollListener)
    324:325:public void addClickingListener(kankan.wheel.widget.OnWheelClickedListener)
    334:335:public void removeClickingListener(kankan.wheel.widget.OnWheelClickedListener)
    953:954:public void stopScrolling()
kankan.wheel.widget.adapters.AbstractWheelAdapter:
    57:62:protected void notifyDataChangedEvent()
    68:73:protected void notifyDataInvalidatedEvent()
kankan.wheel.widget.adapters.AbstractWheelTextAdapter:
    public static final int TEXT_VIEW_ITEM_RESOURCE
    protected static final int NO_RESOURCE
    public static final int DEFAULT_TEXT_COLOR
    public static final int LABEL_COLOR
    122:122:public int getTextColor()
    132:133:public void setTextColor(int)
    141:141:public int getTextSize()
    151:152:public void setTextSize(int)
    160:160:public int getItemResource()
    170:171:public void setItemResource(int)
    179:179:public int getItemTextResource()
    189:190:public void setItemTextResource(int)
    198:198:public int getEmptyItemResource()
    208:209:public void setEmptyItemResource(int)
kankan.wheel.widget.adapters.AdapterWheel
kankan.wheel.widget.adapters.NumericWheelAdapter:
    public static final int DEFAULT_MAX_VALUE
    private static final int DEFAULT_MIN_VALUE
    46:47:public NumericWheelAdapter(android.content.Context)